[07: 48: 15] [ip]: ::1 - [method]: POST [url]: /api/v1/product_information/add_product_information HTTP/1.1 [status]: 200 [response-time]: 7.794 ms [client]: PostmanRuntime/7.15.0
[07: 49: 33] [ip]: ::1 - [method]: POST [url]: /api/v1/product_information/add_product_information HTTP/1.1 [status]: 200 [response-time]: 8.534 ms [client]: PostmanRuntime/7.15.0
[07: 49: 33] [ip]: ::1 - [method]: GET [url]: /api/v1/product_information/show_product_information HTTP/1.1 [status]: 200 [response-time]: 2.745 ms [client]: PostmanRuntime/7.15.0
[07: 51: 50] [ip]: ::1 - [method]: GET [url]: /api/v1/product_information/show_product_information HTTP/1.1 [status]: 200 [response-time]: 6.634 ms [client]: PostmanRuntime/7.15.0
[07: 54: 03] [ip]: ::1 - [method]: GET [url]: /api/v1/product_information/show_product_information HTTP/1.1 [status]: 200 [response-time]: 5.808 ms [client]: PostmanRuntime/7.15.0
[07: 54: 03] [ip]: ::1 - [method]: GET [url]: /api/v1/product_information/show_product_information HTTP/1.1 [status]: 200 [response-time]: 1.073 ms [client]: PostmanRuntime/7.15.0
[07: 54: 22] [ip]: ::1 - [method]: GET [url]: /api/v1/product_information/show_product_information HTTP/1.1 [status]: 200 [response-time]: 6.254 ms [client]: PostmanRuntime/7.15.0
[07: 55: 14] [ip]: ::1 - [method]: POST [url]: /api/v1/product_information/add_product_information HTTP/1.1 [status]: 200 [response-time]: 9.797 ms [client]: PostmanRuntime/7.15.0
[07: 55: 14] [ip]: ::1 - [method]: GET [url]: /api/v1/product_information/show_product_information HTTP/1.1 [status]: 200 [response-time]: 2.323 ms [client]: PostmanRuntime/7.15.0
[07: 56: 07] [ip]: ::1 - [method]: POST [url]: /api/v1/product_information/add_product_information HTTP/1.1 [status]: 200 [response-time]: 8.191 ms [client]: PostmanRuntime/7.15.0
[07: 56: 07] [ip]: ::1 - [method]: GET [url]: /api/v1/product_information/show_product_information HTTP/1.1 [status]: 200 [response-time]: 2.232 ms [client]: PostmanRuntime/7.15.0
[08: 11: 00] [ip]: ::1 - [method]: GET [url]: /api/v1/product_information/show_product_information HTTP/1.1 [status]: 200 [response-time]: 5.803 ms [client]: PostmanRuntime/7.15.0
[08: 12: 37] [ip]: ::1 - [method]: GET [url]: /api/v1/trader/get_product HTTP/1.1 [status]: 200 [response-time]: 7.739 ms [client]: PostmanRuntime/7.15.0
[08: 16: 17] [ip]: ::1 - [method]: GET [url]: /api/v1/trader/get_product HTTP/1.1 [status]: 200 [response-time]: 7.115 ms [client]: PostmanRuntime/7.15.0
[08: 22: 40] [ip]: ::1 - [method]: GET [url]: /api/v1/trader/get_product HTTP/1.1 [status]: 200 [response-time]: 7.418 ms [client]: PostmanRuntime/7.15.0
[08: 25: 56] [ip]: ::1 - [method]: GET [url]: /api/v1/trader/get_product HTTP/1.1 [status]: 200 [response-time]: 7.428 ms [client]: PostmanRuntime/7.15.0
[08: 51: 51] [ip]: ::1 - [method]: POST [url]: /api/v1/product_information/add_plant HTTP/1.1 [status]: 200 [response-time]: 7.756 ms [client]: PostmanRuntime/7.15.0
[08: 51: 51] [ip]: ::1 - [method]: POST [url]: /api/v1/product_information/add_plant HTTP/1.1 [status]: 200 [response-time]: 3.456 ms [client]: PostmanRuntime/7.15.0
[09: 00: 15] [ip]: ::1 - [method]: POST [url]: /api/v1/product_information/add_plant HTTP/1.1 [status]: 200 [response-time]: 7.736 ms [client]: PostmanRuntime/7.15.0
[09: 00: 48] [ip]: ::1 - [method]: GET [url]: /api/v1/trader/get_product HTTP/1.1 [status]: 200 [response-time]: 7.466 ms [client]: PostmanRuntime/7.15.0
[09: 01: 22] [ip]: ::1 - [method]: GET [url]: /api/v1/trader/get_product HTTP/1.1 [status]: 200 [response-time]: 8.064 ms [client]: PostmanRuntime/7.15.0
[09: 03: 02] [ip]: ::1 - [method]: GET [url]: /api/v1/trader/get_product HTTP/1.1 [status]: 200 [response-time]: 8.274 ms [client]: PostmanRuntime/7.15.0
[09: 04: 10] [ip]: ::1 - [method]: GET [url]: /api/v1/trader/get_product HTTP/1.1 [status]: 200 [response-time]: 7.679 ms [client]: PostmanRuntime/7.15.0
[09: 04: 39] [ip]: ::1 - [method]: GET [url]: /api/v1/trader/get_product HTTP/1.1 [status]: 200 [response-time]: 7.336 ms [client]: PostmanRuntime/7.15.0
[09: 05: 27] [ip]: ::1 - [method]: GET [url]: /api/v1/trader/get_product HTTP/1.1 [status]: 200 [response-time]: 8.340 ms [client]: PostmanRuntime/7.15.0
[09: 06: 41] [ip]: ::1 - [method]: GET [url]: /api/v1/trader/get_product HTTP/1.1 [status]: 200 [response-time]: 7.279 ms [client]: PostmanRuntime/7.15.0
[09: 08: 22] [ip]: ::1 - [method]: POST [url]: /api/v1/product_information/add_product_information HTTP/1.1 [status]: 200 [response-time]: 16.556 ms [client]: PostmanRuntime/7.15.0
[09: 08: 22] [ip]: ::1 - [method]: GET [url]: /api/v1/trader/get_product HTTP/1.1 [status]: 200 [response-time]: 3.588 ms [client]: PostmanRuntime/7.15.0
[09: 10: 07] [ip]: ::1 - [method]: GET [url]: /api/v1/trader/get_product HTTP/1.1 [status]: 200 [response-time]: 7.376 ms [client]: PostmanRuntime/7.15.0
[09: 11: 21] [ip]: ::1 - [method]: POST [url]: /api/v1/product_information/add_product_information HTTP/1.1 [status]: 200 [response-time]: 9.091 ms [client]: PostmanRuntime/7.15.0
[09: 11: 21] [ip]: ::1 - [method]: GET [url]: /api/v1/product_information/show_product_information HTTP/1.1 [status]: 200 [response-time]: 6.210 ms [client]: PostmanRuntime/7.15.0
[09: 11: 21] [ip]: ::1 - [method]: GET [url]: /api/v1/trader/get_product HTTP/1.1 [status]: 200 [response-time]: 2.099 ms [client]: PostmanRuntime/7.15.0
[09: 12: 55] [ip]: ::1 - [method]: GET [url]: /api/v1/trader/get_product HTTP/1.1 [status]: 200 [response-time]: 9.104 ms [client]: PostmanRuntime/7.15.0
[09: 12: 55] [ip]: ::1 - [method]: GET [url]: /api/v1/trader/get_product HTTP/1.1 [status]: 200 [response-time]: 1.612 ms [client]: PostmanRuntime/7.15.0
[09: 12: 55] [ip]: ::1 - [method]: POST [url]: /api/v1/product_information/add_product_information HTTP/1.1 [status]: 200 [response-time]: 5.253 ms [client]: PostmanRuntime/7.15.0
[09: 12: 55] [ip]: ::1 - [method]: GET [url]: /api/v1/trader/get_product HTTP/1.1 [status]: 200 [response-time]: 1.311 ms [client]: PostmanRuntime/7.15.0
[09: 14: 55] [ip]: ::1 - [method]: GET [url]: /api/v1/trader/get_product HTTP/1.1 [status]: 200 [response-time]: 7.242 ms [client]: PostmanRuntime/7.15.0
[09: 16: 05] [ip]: ::1 - [method]: GET [url]: /api/v1/trader/get_product HTTP/1.1 [status]: 200 [response-time]: 7.435 ms [client]: PostmanRuntime/7.15.0
[09: 17: 03] [ip]: ::1 - [method]: GET [url]: /api/v1/trader/get_product HTTP/1.1 [status]: 200 [response-time]: 8.271 ms [client]: PostmanRuntime/7.15.0
[09: 18: 37] [ip]: ::1 - [method]: GET [url]: /api/v1/trader/get_product HTTP/1.1 [status]: 200 [response-time]: 8.315 ms [client]: PostmanRuntime/7.15.0
[09: 19: 16] [ip]: ::1 - [method]: GET [url]: /api/v1/trader/get_product HTTP/1.1 [status]: 200 [response-time]: 7.604 ms [client]: PostmanRuntime/7.15.0
[09: 20: 52] [ip]: ::1 - [method]: GET [url]: /api/v1/trader/get_product HTTP/1.1 [status]: 200 [response-time]: 7.301 ms [client]: PostmanRuntime/7.15.0
[09: 21: 26] [ip]: ::1 - [method]: GET [url]: /api/v1/trader/get_product HTTP/1.1 [status]: 200 [response-time]: 8.355 ms [client]: PostmanRuntime/7.15.0
[09: 22: 25] [ip]: ::1 - [method]: GET [url]: /api/v1/trader/get_product HTTP/1.1 [status]: 200 [response-time]: 7.961 ms [client]: PostmanRuntime/7.15.0
[09: 22: 54] [ip]: ::1 - [method]: GET [url]: /api/v1/trader/get_product HTTP/1.1 [status]: 200 [response-time]: 9.690 ms [client]: PostmanRuntime/7.15.0
[09: 23: 47] [ip]: ::1 - [method]: GET [url]: /api/v1/trader/get_product HTTP/1.1 [status]: 200 [response-time]: 7.435 ms [client]: PostmanRuntime/7.15.0
[09: 24: 29] [ip]: ::1 - [method]: GET [url]: /api/v1/trader/get_product HTTP/1.1 [status]: 200 [response-time]: 6.591 ms [client]: PostmanRuntime/7.15.0
[09: 30: 58] [ip]: ::1 - [method]: GET [url]: /api/v1/trader/get_product HTTP/1.1 [status]: 200 [response-time]: 7.293 ms [client]: PostmanRuntime/7.15.0
[09: 32: 01] [ip]: ::1 - [method]: GET [url]: /api/v1/trader/get_product HTTP/1.1 [status]: 200 [response-time]: 6.898 ms [client]: PostmanRuntime/7.15.0
[09: 32: 22] [ip]: ::1 - [method]: GET [url]: /api/v1/trader/get_product HTTP/1.1 [status]: 200 [response-time]: 6.670 ms [client]: PostmanRuntime/7.15.0
[09: 32: 57] [ip]: ::1 - [method]: GET [url]: /api/v1/trader/get_product HTTP/1.1 [status]: 200 [response-time]: 6.172 ms [client]: PostmanRuntime/7.15.0
[09: 35: 14] [ip]: ::1 - [method]: GET [url]: /api/v1/trader/get_product HTTP/1.1 [status]: 200 [response-time]: 7.503 ms [client]: PostmanRuntime/7.15.0
[09: 35: 42] [ip]: ::1 - [method]: GET [url]: /api/v1/trader/get_product HTTP/1.1 [status]: 200 [response-time]: 6.729 ms [client]: PostmanRuntime/7.15.0
[09: 36: 32] [ip]: ::1 - [method]: GET [url]: /api/v1/trader/get_product HTTP/1.1 [status]: 200 [response-time]: 8.090 ms [client]: PostmanRuntime/7.15.0
[09: 39: 31] [ip]: ::1 - [method]: GET [url]: /api/v1/trader/get_product HTTP/1.1 [status]: 200 [response-time]: 6.934 ms [client]: PostmanRuntime/7.15.0
[09: 40: 28] [ip]: ::1 - [method]: POST [url]: /api/v1/product_information/add_product_information HTTP/1.1 [status]: 200 [response-time]: 8.948 ms [client]: PostmanRuntime/7.15.0
[09: 40: 28] [ip]: ::1 - [method]: GET [url]: /api/v1/trader/get_product HTTP/1.1 [status]: 200 [response-time]: 2.983 ms [client]: PostmanRuntime/7.15.0
[09: 42: 17] [ip]: ::1 - [method]: GET [url]: /api/v1/trader/get_product HTTP/1.1 [status]: 200 [response-time]: 6.935 ms [client]: PostmanRuntime/7.15.0
[09: 44: 01] [ip]: ::1 - [method]: GET [url]: /api/v1/trader/get_product HTTP/1.1 [status]: 200 [response-time]: 7.624 ms [client]: PostmanRuntime/7.15.0
[09: 46: 59] [ip]: ::1 - [method]: GET [url]: /api/v1/trader/get_product HTTP/1.1 [status]: 200 [response-time]: 8.122 ms [client]: PostmanRuntime/7.15.0
[09: 48: 57] [ip]: ::1 - [method]: GET [url]: /api/v1/trader/get_product HTTP/1.1 [status]: 200 [response-time]: 7.142 ms [client]: PostmanRuntime/7.15.0
[09: 49: 48] [ip]: ::1 - [method]: GET [url]: /api/v1/trader/get_product HTTP/1.1 [status]: 200 [response-time]: 7.426 ms [client]: PostmanRuntime/7.15.0
[09: 50: 22] [ip]: ::1 - [method]: GET [url]: /api/v1/trader/get_product HTTP/1.1 [status]: 200 [response-time]: 9.050 ms [client]: PostmanRuntime/7.15.0
[09: 52: 36] [ip]: ::1 - [method]: GET [url]: /api/v1/trader/get_product HTTP/1.1 [status]: 200 [response-time]: 6.864 ms [client]: PostmanRuntime/7.15.0
[09: 53: 00] [ip]: ::1 - [method]: GET [url]: /api/v1/trader/get_product HTTP/1.1 [status]: 200 [response-time]: 6.121 ms [client]: PostmanRuntime/7.15.0
[09: 54: 24] [ip]: ::1 - [method]: GET [url]: /api/v1/trader/get_product HTTP/1.1 [status]: 200 [response-time]: 7.357 ms [client]: PostmanRuntime/7.15.0
[09: 55: 11] [ip]: ::1 - [method]: GET [url]: /api/v1/trader/get_product HTTP/1.1 [status]: 200 [response-time]: 6.269 ms [client]: PostmanRuntime/7.15.0
[09: 56: 17] [ip]: ::1 - [method]: GET [url]: /api/v1/trader/get_product HTTP/1.1 [status]: 200 [response-time]: 7.221 ms [client]: PostmanRuntime/7.15.0
[09: 57: 06] [ip]: ::1 - [method]: GET [url]: /api/v1/trader/get_product HTTP/1.1 [status]: 200 [response-time]: 7.671 ms [client]: PostmanRuntime/7.15.0
[09: 58: 06] [ip]: ::1 - [method]: GET [url]: /api/v1/trader/get_product HTTP/1.1 [status]: 200 [response-time]: 7.231 ms [client]: PostmanRuntime/7.15.0
[09: 58: 32] [ip]: ::1 - [method]: GET [url]: /api/v1/trader/get_product HTTP/1.1 [status]: 200 [response-time]: 6.697 ms [client]: PostmanRuntime/7.15.0
[10: 00: 05] [ip]: ::1 - [method]: GET [url]: /api/v1/trader/get_product HTTP/1.1 [status]: 200 [response-time]: 7.920 ms [client]: PostmanRuntime/7.15.0
[10: 01: 12] [ip]: ::1 - [method]: GET [url]: /api/v1/trader/get_product HTTP/1.1 [status]: 200 [response-time]: 6.003 ms [client]: PostmanRuntime/7.15.0
[10: 01: 29] [ip]: ::1 - [method]: GET [url]: /api/v1/trader/get_product HTTP/1.1 [status]: 200 [response-time]: 7.397 ms [client]: PostmanRuntime/7.15.0
[10: 04: 14] [ip]: ::1 - [method]: GET [url]: /api/v1/trader/get_product HTTP/1.1 [status]: 200 [response-time]: 7.268 ms [client]: PostmanRuntime/7.15.0
[10: 04: 49] [ip]: ::1 - [method]: GET [url]: /api/v1/trader/get_product HTTP/1.1 [status]: 200 [response-time]: 7.562 ms [client]: PostmanRuntime/7.15.0
[10: 05: 11] [ip]: ::1 - [method]: GET [url]: /api/v1/trader/get_product HTTP/1.1 [status]: 200 [response-time]: 6.622 ms [client]: PostmanRuntime/7.15.0
[10: 05: 59] [ip]: ::1 - [method]: POST [url]: /api/v1/product_information/add_product_information HTTP/1.1 [status]: 200 [response-time]: 8.145 ms [client]: PostmanRuntime/7.15.0
[10: 05: 59] [ip]: ::1 - [method]: GET [url]: /api/v1/trader/get_product HTTP/1.1 [status]: 200 [response-time]: 2.911 ms [client]: PostmanRuntime/7.15.0
[10: 09: 02] [ip]: ::1 - [method]: GET [url]: /api/v1/trader/get_product HTTP/1.1 [status]: 200 [response-time]: 6.520 ms [client]: PostmanRuntime/7.15.0
[10: 09: 50] [ip]: ::1 - [method]: GET [url]: /api/v1/trader/get_product HTTP/1.1 [status]: 200 [response-time]: 8.872 ms [client]: PostmanRuntime/7.15.0
[10: 10: 08] [ip]: ::1 - [method]: GET [url]: /api/v1/trader/get_product HTTP/1.1 [status]: 200 [response-time]: 6.416 ms [client]: PostmanRuntime/7.15.0
[10: 11: 15] [ip]: ::1 - [method]: GET [url]: /api/v1/trader/get_product HTTP/1.1 [status]: 200 [response-time]: 6.986 ms [client]: PostmanRuntime/7.15.0
[10: 11: 24] [ip]: ::1 - [method]: GET [url]: /api/v1/trader/get_product HTTP/1.1 [status]: 200 [response-time]: 6.900 ms [client]: PostmanRuntime/7.15.0
[10: 11: 35] [ip]: ::1 - [method]: GET [url]: /api/v1/trader/get_product HTTP/1.1 [status]: 200 [response-time]: 7.981 ms [client]: PostmanRuntime/7.15.0
[10: 13: 00] [ip]: ::1 - [method]: GET [url]: /api/v1/trader/get_product HTTP/1.1 [status]: 200 [response-time]: 6.983 ms [client]: PostmanRuntime/7.15.0
[10: 15: 08] [ip]: ::1 - [method]: GET [url]: /api/v1/trader/get_product HTTP/1.1 [status]: 200 [response-time]: 6.709 ms [client]: PostmanRuntime/7.15.0
[10: 15: 30] [ip]: ::1 - [method]: GET [url]: /api/v1/trader/get_product HTTP/1.1 [status]: 200 [response-time]: 7.322 ms [client]: PostmanRuntime/7.15.0
[10: 16: 27] [ip]: ::1 - [method]: GET [url]: /api/v1/trader/get_product HTTP/1.1 [status]: 200 [response-time]: 7.019 ms [client]: PostmanRuntime/7.15.0
[10: 17: 05] [ip]: ::1 - [method]: GET [url]: /api/v1/trader/get_product HTTP/1.1 [status]: 200 [response-time]: 7.482 ms [client]: PostmanRuntime/7.15.0
[10: 18: 17] [ip]: ::1 - [method]: GET [url]: /api/v1/trader/get_product HTTP/1.1 [status]: 200 [response-time]: 7.446 ms [client]: PostmanRuntime/7.15.0
[10: 19: 34] [ip]: ::1 - [method]: GET [url]: /api/v1/trader/get_product HTTP/1.1 [status]: 200 [response-time]: 8.155 ms [client]: PostmanRuntime/7.15.0
[10: 20: 04] [ip]: ::1 - [method]: GET [url]: /api/v1/trader/get_product HTTP/1.1 [status]: 200 [response-time]: 7.451 ms [client]: PostmanRuntime/7.15.0
[10: 21: 17] [ip]: ::1 - [method]: GET [url]: /api/v1/trader/get_product HTTP/1.1 [status]: 200 [response-time]: 7.410 ms [client]: PostmanRuntime/7.15.0
[10: 22: 09] [ip]: ::1 - [method]: GET [url]: /api/v1/trader/get_product HTTP/1.1 [status]: 200 [response-time]: 8.178 ms [client]: PostmanRuntime/7.15.0
[10: 28: 31] [ip]: ::1 - [method]: GET [url]: /api/v1/trader/get_product HTTP/1.1 [status]: 200 [response-time]: 8.202 ms [client]: PostmanRuntime/7.15.0
[10: 29: 00] [ip]: ::1 - [method]: GET [url]: /api/v1/trader/get_product HTTP/1.1 [status]: 200 [response-time]: 7.956 ms [client]: PostmanRuntime/7.15.0
[10: 34: 58] [ip]: ::1 - [method]: GET [url]: /api/v1/trader/get_product HTTP/1.1 [status]: 200 [response-time]: 7.597 ms [client]: PostmanRuntime/7.15.0
[10: 35: 23] [ip]: ::1 - [method]: GET [url]: /api/v1/trader/get_product HTTP/1.1 [status]: 200 [response-time]: 8.145 ms [client]: PostmanRuntime/7.15.0
[10: 37: 01] [ip]: ::1 - [method]: GET [url]: /api/v1/trader/get_product HTTP/1.1 [status]: 200 [response-time]: 8.456 ms [client]: PostmanRuntime/7.15.0
[10: 42: 24] [ip]: ::1 - [method]: GET [url]: /api/v1/trader/get_product HTTP/1.1 [status]: 200 [response-time]: 8.356 ms [client]: PostmanRuntime/7.15.0
[10: 43: 24] [ip]: ::1 - [method]: GET [url]: /api/v1/trader/get_product HTTP/1.1 [status]: 200 [response-time]: 8.306 ms [client]: PostmanRuntime/7.15.0
[10: 44: 03] [ip]: ::1 - [method]: GET [url]: /api/v1/trader/get_product HTTP/1.1 [status]: 200 [response-time]: 8.048 ms [client]: PostmanRuntime/7.15.0
[10: 46: 55] [ip]: ::1 - [method]: GET [url]: /api/v1/trader/get_product HTTP/1.1 [status]: 200 [response-time]: 8.975 ms [client]: PostmanRuntime/7.15.0
[10: 47: 05] [ip]: ::1 - [method]: GET [url]: /api/v1/trader/get_product HTTP/1.1 [status]: 200 [response-time]: 7.624 ms [client]: PostmanRuntime/7.15.0
[10: 47: 29] [ip]: ::1 - [method]: GET [url]: /api/v1/trader/get_product HTTP/1.1 [status]: 200 [response-time]: 8.816 ms [client]: PostmanRuntime/7.15.0
[10: 47: 37] [ip]: ::1 - [method]: GET [url]: /api/v1/trader/get_product HTTP/1.1 [status]: 200 [response-time]: 15.589 ms [client]: PostmanRuntime/7.15.0
[10: 47: 56] [ip]: ::1 - [method]: GET [url]: /api/v1/trader/get_product HTTP/1.1 [status]: 200 [response-time]: 9.125 ms [client]: PostmanRuntime/7.15.0
[10: 48: 18] [ip]: ::1 - [method]: GET [url]: /api/v1/trader/get_product HTTP/1.1 [status]: 200 [response-time]: 7.494 ms [client]: PostmanRuntime/7.15.0
[10: 48: 38] [ip]: ::1 - [method]: GET [url]: /api/v1/trader/get_product HTTP/1.1 [status]: 200 [response-time]: 8.847 ms [client]: PostmanRuntime/7.15.0
[10: 48: 59] [ip]: ::1 - [method]: GET [url]: /api/v1/trader/get_product HTTP/1.1 [status]: 200 [response-time]: 8.075 ms [client]: PostmanRuntime/7.15.0
[10: 51: 16] [ip]: ::1 - [method]: GET [url]: /api/v1/trader/get_product HTTP/1.1 [status]: 200 [response-time]: 7.581 ms [client]: PostmanRuntime/7.15.0
[10: 52: 22] [ip]: ::1 - [method]: GET [url]: /api/v1/trader/get_product HTTP/1.1 [status]: 200 [response-time]: 7.737 ms [client]: PostmanRuntime/7.15.0
[10: 54: 01] [ip]: ::1 - [method]: GET [url]: /api/v1/trader/get_product HTTP/1.1 [status]: 200 [response-time]: 7.373 ms [client]: PostmanRuntime/7.15.0
[10: 54: 14] [ip]: ::1 - [method]: GET [url]: /api/v1/trader/get_product HTTP/1.1 [status]: 200 [response-time]: 7.436 ms [client]: PostmanRuntime/7.15.0
[10: 54: 34] [ip]: ::1 - [method]: GET [url]: /api/v1/trader/get_product HTTP/1.1 [status]: 200 [response-time]: 8.159 ms [client]: PostmanRuntime/7.15.0
[10: 55: 06] [ip]: ::1 - [method]: GET [url]: /api/v1/trader/get_product HTTP/1.1 [status]: 200 [response-time]: 8.229 ms [client]: PostmanRuntime/7.15.0
[10: 58: 41] [ip]: ::1 - [method]: GET [url]: /api/v1/show/show_users HTTP/1.1 [status]: 404 [response-time]: 2.786 ms [client]: PostmanRuntime/7.15.0
[10: 58: 41] [ip]: ::1 - [method]: GET [url]: /api/v1/show HTTP/1.1 [status]: 200 [response-time]: 12.934 ms [client]: PostmanRuntime/7.15.0
[10: 58: 41] [ip]: ::1 - [method]: POST [url]: /api/v1/user/user_login HTTP/1.1 [status]: 200 [response-time]: 1.527 ms [client]: PostmanRuntime/7.15.0
[10: 58: 41] [ip]: ::1 - [method]: POST [url]: /api/v1/user/user_login HTTP/1.1 [status]: 200 [response-time]: 0.901 ms [client]: PostmanRuntime/7.15.0
[12: 48: 03] [ip]: ::1 - [method]: POST [url]: /api/v1/user/user_login HTTP/1.1 [status]: 200 [response-time]: 5.052 ms [client]: PostmanRuntime/7.15.0
[12: 48: 03] [ip]: ::1 - [method]: POST [url]: /api/v1/user/user_login HTTP/1.1 [status]: 200 [response-time]: 0.975 ms [client]: PostmanRuntime/7.15.0
[12: 50: 55] [ip]: ::1 - [method]: POST [url]: /api/v1/user/user_login HTTP/1.1 [status]: 200 [response-time]: 6.066 ms [client]: PostmanRuntime/7.15.0
[12: 51: 43] [ip]: ::1 - [method]: POST [url]: /api/v1/user/user_login HTTP/1.1 [status]: 200 [response-time]: 4.270 ms [client]: PostmanRuntime/7.15.0
[12: 53: 33] [ip]: ::1 - [method]: POST [url]: /api/v1/user/user_login HTTP/1.1 [status]: 200 [response-time]: 5.432 ms [client]: PostmanRuntime/7.15.0
[12: 57: 45] [ip]: ::1 - [method]: POST [url]: /api/v1/user/user_login HTTP/1.1 [status]: 200 [response-time]: 5.609 ms [client]: PostmanRuntime/7.15.0
[12: 57: 45] [ip]: ::1 - [method]: POST [url]: /api/v1/user/user_login HTTP/1.1 [status]: 200 [response-time]: 130.927 ms [client]: PostmanRuntime/7.15.0
